<?xml version="1.0" encoding="UTF-8"?>
<!-- Generated by org.testng.reporters.JUnitReportReporter -->
<testsuite hostname="LAPTOP-ROE9RGVK" failures="0" tests="3" name="Assignments.DataProviderUsage" time="0.026" errors="0" timestamp="2025-03-25T20:53:10 IST" skipped="0">
  <testcase classname="Assignments.DataProviderUsage" name="testCase" time="0.020"/>
  <testcase classname="Assignments.DataProviderUsage" name="testCase" time="0.002"/>
  <testcase classname="Assignments.DataProviderUsage" name="testCase" time="0.004"/>
</testsuite> <!-- Assignments.DataProviderUsage -->
